[2020-02-20 09:46:26.402] [INFO] app - { test_id: '349c248b_ca58_4ec1_b879_30839f7fb1a3',
  network_operator_name: '310260',
  address: '广西壮族自治区百色市德保县',
  eci: '91',
  tac: '3',
  bsss: '-100',
  gps: '(106.630,23.220)',
  network_type: '88',
  phone_type: 'google;Android SDK built for x86;000000000000000',
  coll_time: '2020-02-20 09:46',
  download_speed: '74.27 Mbps',
  upload_speed: '27.85 Mbps' }
[2020-02-20 09:46:26.417] [INFO] app - in
[2020-02-20 11:13:41.192] [INFO] app - SyntaxError: Unexpected string in JSON at position 341
    at JSON.parse (<anonymous>)
    at /Users/dengqian/WebstormProjects/BG220_Server/routes/index.js:26:30
    at Layer.handle [as handle_request] (/Users/dengqian/WebstormProjects/BG220_Server/node_modules/express/lib/router/layer.js:95:5)
    at trim_prefix (/Users/dengqian/WebstormProjects/BG220_Server/node_modules/express/lib/router/index.js:317:13)
    at /Users/dengqian/WebstormProjects/BG220_Server/node_modules/express/lib/router/index.js:284:7
    at Function.process_params (/Users/dengqian/WebstormProjects/BG220_Server/node_modules/express/lib/router/index.js:335:12)
    at next (/Users/dengqian/WebstormProjects/BG220_Server/node_modules/express/lib/router/index.js:275:10)
    at Function.handle (/Users/dengqian/WebstormProjects/BG220_Server/node_modules/express/lib/router/index.js:174:3)
    at router (/Users/dengqian/WebstormProjects/BG220_Server/node_modules/express/lib/router/index.js:47:12)
    at Layer.handle [as handle_request] (/Users/dengqian/WebstormProjects/BG220_Server/node_modules/express/lib/router/layer.js:95:5)
[2020-02-20 11:16:35.892] [INFO] app - SyntaxError: Unexpected string in JSON at position 340
    at JSON.parse (<anonymous>)
    at /Users/dengqian/WebstormProjects/BG220_Server/routes/index.js:26:30
    at Layer.handle [as handle_request] (/Users/dengqian/WebstormProjects/BG220_Server/node_modules/express/lib/router/layer.js:95:5)
    at trim_prefix (/Users/dengqian/WebstormProjects/BG220_Server/node_modules/express/lib/router/index.js:317:13)
    at /Users/dengqian/WebstormProjects/BG220_Server/node_modules/express/lib/router/index.js:284:7
    at Function.process_params (/Users/dengqian/WebstormProjects/BG220_Server/node_modules/express/lib/router/index.js:335:12)
    at next (/Users/dengqian/WebstormProjects/BG220_Server/node_modules/express/lib/router/index.js:275:10)
    at Function.handle (/Users/dengqian/WebstormProjects/BG220_Server/node_modules/express/lib/router/index.js:174:3)
    at router (/Users/dengqian/WebstormProjects/BG220_Server/node_modules/express/lib/router/index.js:47:12)
    at Layer.handle [as handle_request] (/Users/dengqian/WebstormProjects/BG220_Server/node_modules/express/lib/router/layer.js:95:5)
[2020-02-20 11:19:31.058] [INFO] app - { test_id: '349c248b_ca58_4ec1_b879_30839f7fb1a3',
  network_operator_name: '310260',
  address: '广西壮族自治区百色市德保县',
  eci: '91',
  tac: '3',
  bsss: '-100',
  gps: '(106.630,23.220)',
  network_type: '88',
  phone_type: 'google;Android SDK built for x86;000000000000000',
  coll_time: '2020-02-20 11:19',
  download_speed: '81.35 Mbps',
  upload_speed: '26.34 Mbps',
  bsss_check: '1',
  network_type_check: '0',
  gps_check: '0',
  ECI_check: '1',
  TAC_check: '0',
  datetime_check: '1',
  url_check: '1' }
[2020-02-20 11:19:31.060] [INFO] app - in
[2020-02-20 11:28:17.003] [INFO] app - { test_id: '349c248b_ca58_4ec1_b879_30839f7fb1a3',
  network_operator_name: '310260',
  address: '广西壮族自治区百色市德保县',
  eci: '91',
  tac: '3',
  bsss: '-100',
  gps: '(106.630,23.220)',
  network_type: '88',
  phone_type: 'google;Android SDK built for x86;000000000000000',
  coll_time: '2020-02-20 11:28',
  download_speed: '81.35 Mbps',
  upload_speed: '26.34 Mbps',
  bsss_check: '1',
  network_type_check: '0',
  gps_check: '0',
  ECI_check: '1',
  TAC_check: '0',
  datetime_check: '1',
  url_check: '1' }
[2020-02-20 11:28:17.004] [INFO] app - in
[2020-02-20 14:44:21.909] [INFO] app - { test_id: '349c248b_ca58_4ec1_b879_30839f7fb1a3',
  network_operator_name: '310260',
  address: '广西壮族自治区百色市德保县',
  eci: '91',
  tac: '3',
  bsss: '-100',
  gps: '(106.630,23.220)',
  network_type: '88',
  phone_type: 'google;Android SDK built for x86;000000000000000',
  coll_time: '2020-02-20 14:44',
  download_speed: '33.93 Mbps',
  upload_speed: '35.35 Mbps',
  bsss_check: '1',
  verify_bsss_value: '-110',
  network_type_check: '0',
  verify_network_type_value: '4G',
  gps_check: '0',
  verify_gps_value: '106.630,26.647',
  ECI_check: '1',
  verify_ECI_value: '91',
  TAC_check: '0',
  verify_TAC_value: '187',
  datetime_check: '1',
  verify_datetime_value: '2020-01-06 01:00_2021-01-01 01:00',
  verify_url_value: 'https://www.baidu.com,https://weixin.qq.com/',
  url_check: '1' }
[2020-02-20 14:44:21.913] [INFO] app - in
[2020-02-20 16:54:00.763] [INFO] app - { username: 'dengqian',
  phonenumber: '18785185684',
  test_id: '349c248b_ca58_4ec1_b879_30839f7fb1a3',
  network_operator_name: '310260',
  address: '广西壮族自治区百色市德保县',
  eci: '91',
  tac: '3',
  bsss: '-100',
  gps: '(106.630,23.220)',
  network_type: '88',
  phone_type: 'google;Android SDK built for x86;000000000000000',
  coll_time: '2020-02-20 16:53',
  download_speed: '未测试',
  upload_speed: '未测试',
  bsss_check: '1',
  verify_bsss_value: '-110',
  network_type_check: '0',
  verify_network_type_value: '4G',
  gps_check: '0',
  verify_gps_value: '106.630,26.647',
  ECI_check: '1',
  verify_ECI_value: '91',
  TAC_check: '0',
  verify_TAC_value: '187',
  datetime_check: '1',
  verify_datetime_value: '2020-01-06 01:00_2021-01-01 01:00',
  verify_url_value: 'https://www.baidu.com,https://weixin.qq.com/',
  url_check: '1' }
[2020-02-20 16:54:00.767] [INFO] app - in
