[2020-02-24 10:15:31.492] [INFO] app - { username: 'dengqian',
  phonenumber: '18785185684',
  test_id: '349c248b_ca58_4ec1_b879_30839f7fb1a3',
  network_operator_name: '310260',
  address: '广西壮族自治区百色市德保县',
  eci: '91',
  tac: '3',
  bsss: '-100',
  gps: '(106.630,23.220)',
  network_type: '88',
  phone_type: 'google;Android SDK built for x86;000000000000000',
  coll_time: '2020-02-24 10:15',
  download_speed: '未测试',
  to_number: '10086',
  upload_speed: '未测试',
  bsss_check: '1',
  verify_bsss_value: '-110',
  network_type_check: '0',
  verify_network_type_value: '4G',
  gps_check: '0',
  verify_gps_value: '106.630,26.647',
  ECI_check: '1',
  verify_ECI_value: '91',
  TAC_check: '0',
  verify_TAC_value: '187',
  datetime_check: '1',
  verify_datetime_value: '2020-01-06 01:00_2021-01-01 01:00',
  verify_url_value: 'https://www.baidu.com,https://weixin.qq.com/',
  url_check: '1' }
[2020-02-24 15:21:09.196] [INFO] app - { username: 'dengqian',
  phonenumber: '18785185684',
  test_id: '349c248b_ca58_4ec1_b879_30839f7fb1a3',
  network_operator_name: '310260',
  address: '广西壮族自治区百色市德保县',
  eci: '91',
  tac: '3',
  bsss: '-100',
  gps: '(106.630,23.220)',
  network_type: '88',
  phone_type: 'google;Android SDK built for x86;000000000000000',
  coll_time: '2020-02-24 15:20',
  download_speed: '34.17 Mbps',
  to_number: '10086',
  upload_speed: '35.76 Mbps',
  bsss_check: '1',
  verify_bsss_value: '-110',
  network_type_check: '0',
  verify_network_type_value: '4G',
  gps_check: '0',
  verify_gps_value: '106.630,26.647',
  ECI_check: '1',
  verify_ECI_value: '91',
  TAC_check: '0',
  verify_TAC_value: '187',
  datetime_check: '1',
  verify_datetime_value: '2020-01-06 01:00_2021-01-01 01:00',
  verify_url_value: 'https://www.baidu.com,https://weixin.qq.com/',
  url_check: '1' }
[2020-02-24 15:21:09.241] [INFO] app - save_test_dataError: ER_PARSE_ERROR: You have an error in your SQL syntax; check the manual that corresponds to your MySQL server version for the right syntax to use near ')' at line 1
[2020-02-24 15:21:09.249] [INFO] app - save_check_data:Error: ER_BAD_FIELD_ERROR: Unknown column 'address' in 'field list'
[2020-02-24 15:23:39.424] [INFO] app - { username: 'dengqian',
  phonenumber: '18785185684',
  test_id: '349c248b_ca58_4ec1_b879_30839f7fb1a3',
  network_operator_name: '310260',
  address: '广西壮族自治区百色市德保县',
  eci: '91',
  tac: '3',
  bsss: '-100',
  gps: '(106.630,23.220)',
  network_type: '88',
  phone_type: 'google;Android SDK built for x86;000000000000000',
  coll_time: '2020-02-24 15:22',
  download_speed: '34.17 Mbps',
  to_number: '10086',
  upload_speed: '35.76 Mbps',
  bsss_check: '1',
  verify_bsss_value: '-110',
  network_type_check: '0',
  verify_network_type_value: '4G',
  gps_check: '0',
  verify_gps_value: '106.630,26.647',
  ECI_check: '1',
  verify_ECI_value: '91',
  TAC_check: '0',
  verify_TAC_value: '187',
  datetime_check: '1',
  verify_datetime_value: '2020-01-06 01:00_2021-01-01 01:00',
  verify_url_value: 'https://www.baidu.com,https://weixin.qq.com/',
  url_check: '1' }
[2020-02-24 15:23:39.447] [INFO] app - save_test_dataError: ER_PARSE_ERROR: You have an error in your SQL syntax; check the manual that corresponds to your MySQL server version for the right syntax to use near 'INSERTINTOtest_requirement(test_id,verify_bsss_value,verify_datetime_value,verif' at line 1
[2020-02-24 15:24:03.177] [INFO] app - { username: 'dengqian',
  phonenumber: '18785185684',
  test_id: '349c248b_ca58_4ec1_b879_30839f7fb1a3',
  network_operator_name: '310260',
  address: '广西壮族自治区百色市德保县',
  eci: '91',
  tac: '3',
  bsss: '-100',
  gps: '(106.630,23.220)',
  network_type: '88',
  phone_type: 'google;Android SDK built for x86;000000000000000',
  coll_time: '2020-02-24 15:23',
  download_speed: '34.17 Mbps',
  to_number: '10086',
  upload_speed: '35.76 Mbps',
  bsss_check: '1',
  verify_bsss_value: '-110',
  network_type_check: '0',
  verify_network_type_value: '4G',
  gps_check: '0',
  verify_gps_value: '106.630,26.647',
  ECI_check: '1',
  verify_ECI_value: '91',
  TAC_check: '0',
  verify_TAC_value: '187',
  datetime_check: '1',
  verify_datetime_value: '2020-01-06 01:00_2021-01-01 01:00',
  verify_url_value: 'https://www.baidu.com,https://weixin.qq.com/',
  url_check: '1' }
[2020-02-24 15:24:03.213] [INFO] app - save_check_data:Error: ER_BAD_FIELD_ERROR: Unknown column 'address' in 'field list'
[2020-02-24 15:27:48.028] [INFO] app - { username: 'dengqian',
  phonenumber: '18785185684',
  test_id: '349c248b_ca58_4ec1_b879_30839f7fb1a3',
  network_operator_name: '310260',
  address: '广西壮族自治区百色市德保县',
  eci: '91',
  tac: '3',
  bsss: '-100',
  gps: '(106.630,23.220)',
  network_type: '88',
  phone_type: 'google;Android SDK built for x86;000000000000000',
  coll_time: '2020-02-24 15:26',
  download_speed: '33.23 Mbps',
  to_number: '10086',
  upload_speed: '36.36 Mbps',
  bsss_check: '1',
  verify_bsss_value: '-110',
  network_type_check: '0',
  verify_network_type_value: '4G',
  gps_check: '0',
  verify_gps_value: '106.630,26.647',
  ECI_check: '1',
  verify_ECI_value: '91',
  TAC_check: '0',
  verify_TAC_value: '187',
  datetime_check: '1',
  verify_datetime_value: '2020-01-06 01:00_2021-01-01 01:00',
  verify_url_value: 'https://www.baidu.com,https://weixin.qq.com/',
  url_check: '1' }
[2020-02-24 15:27:48.047] [INFO] app - save_test_dataError: ER_DUP_ENTRY: Duplicate entry '349c248b_ca58_4ec1_b879_30839f7fb1a3' for key 'PRIMARY'
[2020-02-24 15:28:29.953] [INFO] app - { username: 'dengqian',
  phonenumber: '18785185684',
  test_id: '349c248b_ca58_4ec1_b879_30839f7fb1a3',
  network_operator_name: '310260',
  address: '广西壮族自治区百色市德保县',
  eci: '91',
  tac: '3',
  bsss: '-100',
  gps: '(106.630,23.220)',
  network_type: '88',
  phone_type: 'google;Android SDK built for x86;000000000000000',
  coll_time: '2020-02-24 15:27',
  download_speed: '33.23 Mbps',
  to_number: '10086',
  upload_speed: '36.36 Mbps',
  bsss_check: '1',
  verify_bsss_value: '-110',
  network_type_check: '0',
  verify_network_type_value: '4G',
  gps_check: '0',
  verify_gps_value: '106.630,26.647',
  ECI_check: '1',
  verify_ECI_value: '91',
  TAC_check: '0',
  verify_TAC_value: '187',
  datetime_check: '1',
  verify_datetime_value: '2020-01-06 01:00_2021-01-01 01:00',
  verify_url_value: 'https://www.baidu.com,https://weixin.qq.com/',
  url_check: '1' }
[2020-02-24 15:36:12.704] [INFO] app - { username: 'dengqian',
  phonenumber: '18785185684',
  test_id: '349c248b_ca58_4ec1_b879_30839f7fb1a3',
  network_operator_name: '310260',
  address: '广西壮族自治区百色市德保县',
  eci: '91',
  tac: '3',
  bsss: '-100',
  gps: '(106.630,23.220)',
  network_type: '88',
  phone_type: 'google;Android SDK built for x86;000000000000000',
  coll_time: '2020-02-24 15:35',
  download_speed: '33.23 Mbps',
  to_number: '10086',
  upload_speed: '36.36 Mbps',
  bsss_check: '1',
  verify_bsss_value: '-110',
  network_type_check: '0',
  verify_network_type_value: '4G',
  gps_check: '0',
  verify_gps_value: '106.630,26.647',
  ECI_check: '1',
  verify_ECI_value: '91',
  TAC_check: '0',
  verify_TAC_value: '187',
  datetime_check: '1',
  verify_datetime_value: '2020-01-06 01:00_2021-01-01 01:00',
  verify_url_value: 'https://www.baidu.com,https://weixin.qq.com/',
  url_check: '1' }
[2020-02-24 15:36:38.009] [INFO] app - { username: 'dengqian',
  phonenumber: '18785185684',
  test_id: '349c248b_ca58_4ec1_b879_30839f7fb1a3',
  network_operator_name: '310260',
  address: '广西壮族自治区百色市德保县',
  eci: '91',
  tac: '3',
  bsss: '-100',
  gps: '(106.630,23.220)',
  network_type: '88',
  phone_type: 'google;Android SDK built for x86;000000000000000',
  coll_time: '2020-02-24 15:35',
  download_speed: '33.23 Mbps',
  to_number: '10086',
  upload_speed: '36.36 Mbps',
  bsss_check: '1',
  verify_bsss_value: '-110',
  network_type_check: '0',
  verify_network_type_value: '4G',
  gps_check: '0',
  verify_gps_value: '106.630,26.647',
  ECI_check: '1',
  verify_ECI_value: '91',
  TAC_check: '0',
  verify_TAC_value: '187',
  datetime_check: '1',
  verify_datetime_value: '2020-01-06 01:00_2021-01-01 01:00',
  verify_url_value: 'https://www.baidu.com,https://weixin.qq.com/',
  url_check: '1' }
[2020-02-24 15:37:01.903] [INFO] app - { username: 'dengqian',
  phonenumber: '18785185684',
  test_id: '349c248b_ca58_4ec1_b879_30839f7fb1a3',
  network_operator_name: '310260',
  address: '广西壮族自治区百色市德保县',
  eci: '91',
  tac: '3',
  bsss: '-100',
  gps: '(106.630,23.220)',
  network_type: '88',
  phone_type: 'google;Android SDK built for x86;000000000000000',
  coll_time: '2020-02-24 15:35',
  download_speed: '33.23 Mbps',
  to_number: '10086',
  upload_speed: '36.36 Mbps',
  bsss_check: '1',
  verify_bsss_value: '-110',
  network_type_check: '0',
  verify_network_type_value: '4G',
  gps_check: '0',
  verify_gps_value: '106.630,26.647',
  ECI_check: '1',
  verify_ECI_value: '91',
  TAC_check: '0',
  verify_TAC_value: '187',
  datetime_check: '1',
  verify_datetime_value: '2020-01-06 01:00_2021-01-01 01:00',
  verify_url_value: 'https://www.baidu.com,https://weixin.qq.com/',
  url_check: '1' }
[2020-02-24 15:37:24.728] [INFO] app - { username: 'dengqian',
  phonenumber: '18785185684',
  test_id: '349c248b_ca58_4ec1_b879_30839f7fb1a3',
  network_operator_name: '310260',
  address: '广西壮族自治区百色市德保县',
  eci: '91',
  tac: '3',
  bsss: '-100',
  gps: '(106.630,23.220)',
  network_type: '88',
  phone_type: 'google;Android SDK built for x86;000000000000000',
  coll_time: '2020-02-24 15:36',
  download_speed: '33.23 Mbps',
  to_number: '10086',
  upload_speed: '36.36 Mbps',
  bsss_check: '1',
  verify_bsss_value: '-110',
  network_type_check: '0',
  verify_network_type_value: '4G',
  gps_check: '0',
  verify_gps_value: '106.630,26.647',
  ECI_check: '1',
  verify_ECI_value: '91',
  TAC_check: '0',
  verify_TAC_value: '187',
  datetime_check: '1',
  verify_datetime_value: '2020-01-06 01:00_2021-01-01 01:00',
  verify_url_value: 'https://www.baidu.com,https://weixin.qq.com/',
  url_check: '1' }
[2020-02-24 15:37:40.461] [INFO] app - { username: 'dengqian',
  phonenumber: '18785185684',
  test_id: '349c248b_ca58_4ec1_b879_30839f7fb1a3',
  network_operator_name: '310260',
  address: '广西壮族自治区百色市德保县',
  eci: '91',
  tac: '3',
  bsss: '-100',
  gps: '(106.630,23.220)',
  network_type: '88',
  phone_type: 'google;Android SDK built for x86;000000000000000',
  coll_time: '2020-02-24 15:36',
  download_speed: '33.23 Mbps',
  to_number: '10086',
  upload_speed: '36.36 Mbps',
  bsss_check: '1',
  verify_bsss_value: '-110',
  network_type_check: '0',
  verify_network_type_value: '4G',
  gps_check: '0',
  verify_gps_value: '106.630,26.647',
  ECI_check: '1',
  verify_ECI_value: '91',
  TAC_check: '0',
  verify_TAC_value: '187',
  datetime_check: '1',
  verify_datetime_value: '2020-01-06 01:00_2021-01-01 01:00',
  verify_url_value: 'https://www.baidu.com,https://weixin.qq.com/',
  url_check: '1' }
[2020-02-24 15:38:30.004] [INFO] app - { username: 'dengqian',
  phonenumber: '18785185684',
  test_id: '349c248b_ca58_4ec1_b879_30839f7fb1a3',
  network_operator_name: '310260',
  address: '广西壮族自治区百色市德保县',
  eci: '91',
  tac: '3',
  bsss: '-100',
  gps: '(106.630,23.220)',
  network_type: '88',
  phone_type: 'google;Android SDK built for x86;000000000000000',
  coll_time: '2020-02-24 15:37',
  download_speed: '33.23 Mbps',
  to_number: '10086',
  upload_speed: '36.36 Mbps',
  bsss_check: '1',
  verify_bsss_value: '-110',
  network_type_check: '0',
  verify_network_type_value: '4G',
  gps_check: '0',
  verify_gps_value: '106.630,26.647',
  ECI_check: '1',
  verify_ECI_value: '91',
  TAC_check: '0',
  verify_TAC_value: '187',
  datetime_check: '1',
  verify_datetime_value: '2020-01-06 01:00_2021-01-01 01:00',
  verify_url_value: 'https://www.baidu.com,https://weixin.qq.com/',
  url_check: '1' }
[2020-02-24 15:38:39.666] [INFO] app - { username: 'dengqian',
  phonenumber: '18785185684',
  test_id: '349c248b_ca58_4ec1_b879_30839f7fb1a3',
  network_operator_name: '310260',
  address: '广西壮族自治区百色市德保县',
  eci: '91',
  tac: '3',
  bsss: '-100',
  gps: '(106.630,23.220)',
  network_type: '88',
  phone_type: 'google;Android SDK built for x86;000000000000000',
  coll_time: '2020-02-24 15:37',
  download_speed: '33.23 Mbps',
  to_number: '10086',
  upload_speed: '36.36 Mbps',
  bsss_check: '1',
  verify_bsss_value: '-110',
  network_type_check: '0',
  verify_network_type_value: '4G',
  gps_check: '0',
  verify_gps_value: '106.630,26.647',
  ECI_check: '1',
  verify_ECI_value: '91',
  TAC_check: '0',
  verify_TAC_value: '187',
  datetime_check: '1',
  verify_datetime_value: '2020-01-06 01:00_2021-01-01 01:00',
  verify_url_value: 'https://www.baidu.com,https://weixin.qq.com/',
  url_check: '1' }
[2020-02-24 16:13:37.630] [INFO] app - { username: 'dengqian',
  phonenumber: '18785185684',
  test_id: '349c248b_ca58_4ec1_b879_30839f7fb1a3',
  network_operator_name: '310260',
  address: '广西壮族自治区百色市德保县',
  eci: '91',
  tac: '3',
  bsss: '-100',
  gps: '(106.630,23.220)',
  network_type: '88',
  phone_type: 'google;Android SDK built for x86;000000000000000',
  coll_time: '2020-02-24 16:12',
  download_speed: '34.36 Mbps',
  to_number: '10086',
  upload_speed: '32.9 Mbps',
  bsss_check: '1',
  verify_bsss_value: '-110',
  network_type_check: '0',
  verify_network_type_value: '4G',
  gps_check: '0',
  verify_gps_value: '106.630,26.647',
  ECI_check: '1',
  verify_ECI_value: '91',
  TAC_check: '0',
  verify_TAC_value: '187',
  datetime_check: '1',
  verify_datetime_value: '2020-01-06 01:00_2021-01-01 01:00',
  verify_url_value: 'https://www.baidu.com,https://weixin.qq.com/',
  url_check: '1' }
[2020-02-24 16:28:30.615] [INFO] app - { username: 'dengqian',
  phonenumber: '18785185684',
  test_id: '349c248b_ca58_4ec1_b879_30839f7fb1a3',
  network_operator_name: '310260',
  address: '广西壮族自治区百色市德保县',
  eci: '91',
  tac: '3',
  bsss: '-100',
  gps: '(106.630,23.220)',
  network_type: '88',
  phone_type: 'google;Android SDK built for x86;000000000000000',
  coll_time: '2020-02-24 16:27',
  download_speed: '34.36 Mbps',
  to_number: '10086',
  upload_speed: '32.9 Mbps',
  bsss_check: '1',
  verify_bsss_value: '-110',
  network_type_check: '0',
  verify_network_type_value: '4G',
  gps_check: '0',
  verify_gps_value: '106.630,26.647',
  ECI_check: '1',
  verify_ECI_value: '91',
  TAC_check: '0',
  verify_TAC_value: '187',
  datetime_check: '1',
  verify_datetime_value: '2020-01-06 01:00_2021-01-01 01:00',
  verify_url_value: 'https://www.baidu.com,https://weixin.qq.com/',
  url_check: '1' }
[2020-02-24 16:28:34.999] [INFO] app - { username: 'dengqian',
  phonenumber: '18785185684',
  test_id: '349c248b_ca58_4ec1_b879_30839f7fb1a3',
  network_operator_name: '310260',
  address: '广西壮族自治区百色市德保县',
  eci: '91',
  tac: '3',
  bsss: '-100',
  gps: '(106.630,23.220)',
  network_type: '88',
  phone_type: 'google;Android SDK built for x86;000000000000000',
  coll_time: '2020-02-24 16:27',
  download_speed: '34.36 Mbps',
  to_number: '10086',
  upload_speed: '32.9 Mbps',
  bsss_check: '1',
  verify_bsss_value: '-110',
  network_type_check: '0',
  verify_network_type_value: '4G',
  gps_check: '0',
  verify_gps_value: '106.630,26.647',
  ECI_check: '1',
  verify_ECI_value: '91',
  TAC_check: '0',
  verify_TAC_value: '187',
  datetime_check: '1',
  verify_datetime_value: '2020-01-06 01:00_2021-01-01 01:00',
  verify_url_value: 'https://www.baidu.com,https://weixin.qq.com/',
  url_check: '1' }
[2020-02-24 16:28:35.945] [INFO] app - { username: 'dengqian',
  phonenumber: '18785185684',
  test_id: '349c248b_ca58_4ec1_b879_30839f7fb1a3',
  network_operator_name: '310260',
  address: '广西壮族自治区百色市德保县',
  eci: '91',
  tac: '3',
  bsss: '-100',
  gps: '(106.630,23.220)',
  network_type: '88',
  phone_type: 'google;Android SDK built for x86;000000000000000',
  coll_time: '2020-02-24 16:27',
  download_speed: '34.36 Mbps',
  to_number: '10086',
  upload_speed: '32.9 Mbps',
  bsss_check: '1',
  verify_bsss_value: '-110',
  network_type_check: '0',
  verify_network_type_value: '4G',
  gps_check: '0',
  verify_gps_value: '106.630,26.647',
  ECI_check: '1',
  verify_ECI_value: '91',
  TAC_check: '0',
  verify_TAC_value: '187',
  datetime_check: '1',
  verify_datetime_value: '2020-01-06 01:00_2021-01-01 01:00',
  verify_url_value: 'https://www.baidu.com,https://weixin.qq.com/',
  url_check: '1' }
[2020-02-24 16:28:36.616] [INFO] app - { username: 'dengqian',
  phonenumber: '18785185684',
  test_id: '349c248b_ca58_4ec1_b879_30839f7fb1a3',
  network_operator_name: '310260',
  address: '广西壮族自治区百色市德保县',
  eci: '91',
  tac: '3',
  bsss: '-100',
  gps: '(106.630,23.220)',
  network_type: '88',
  phone_type: 'google;Android SDK built for x86;000000000000000',
  coll_time: '2020-02-24 16:27',
  download_speed: '34.36 Mbps',
  to_number: '10086',
  upload_speed: '32.9 Mbps',
  bsss_check: '1',
  verify_bsss_value: '-110',
  network_type_check: '0',
  verify_network_type_value: '4G',
  gps_check: '0',
  verify_gps_value: '106.630,26.647',
  ECI_check: '1',
  verify_ECI_value: '91',
  TAC_check: '0',
  verify_TAC_value: '187',
  datetime_check: '1',
  verify_datetime_value: '2020-01-06 01:00_2021-01-01 01:00',
  verify_url_value: 'https://www.baidu.com,https://weixin.qq.com/',
  url_check: '1' }
[2020-02-24 16:28:47.038] [INFO] app - { username: 'dengqian',
  phonenumber: '18785185684',
  test_id: '349c248b_ca58_4ec1_b879_30839f7fb1a3',
  network_operator_name: '310260',
  address: '广西壮族自治区百色市德保县',
  eci: '91',
  tac: '3',
  bsss: '-100',
  gps: '(106.630,23.220)',
  network_type: '88',
  phone_type: 'google;Android SDK built for x86;000000000000000',
  coll_time: '2020-02-24 16:27',
  download_speed: '34.36 Mbps',
  to_number: '10086',
  upload_speed: '32.9 Mbps',
  bsss_check: '1',
  verify_bsss_value: '-110',
  network_type_check: '0',
  verify_network_type_value: '4G',
  gps_check: '0',
  verify_gps_value: '106.630,26.647',
  ECI_check: '1',
  verify_ECI_value: '91',
  TAC_check: '0',
  verify_TAC_value: '187',
  datetime_check: '1',
  verify_datetime_value: '2020-01-06 01:00_2021-01-01 01:00',
  verify_url_value: 'https://www.baidu.com,https://weixin.qq.com/',
  url_check: '1' }
[2020-02-24 16:28:48.137] [INFO] app - { username: 'dengqian',
  phonenumber: '18785185684',
  test_id: '349c248b_ca58_4ec1_b879_30839f7fb1a3',
  network_operator_name: '310260',
  address: '广西壮族自治区百色市德保县',
  eci: '91',
  tac: '3',
  bsss: '-100',
  gps: '(106.630,23.220)',
  network_type: '88',
  phone_type: 'google;Android SDK built for x86;000000000000000',
  coll_time: '2020-02-24 16:27',
  download_speed: '34.36 Mbps',
  to_number: '10086',
  upload_speed: '32.9 Mbps',
  bsss_check: '1',
  verify_bsss_value: '-110',
  network_type_check: '0',
  verify_network_type_value: '4G',
  gps_check: '0',
  verify_gps_value: '106.630,26.647',
  ECI_check: '1',
  verify_ECI_value: '91',
  TAC_check: '0',
  verify_TAC_value: '187',
  datetime_check: '1',
  verify_datetime_value: '2020-01-06 01:00_2021-01-01 01:00',
  verify_url_value: 'https://www.baidu.com,https://weixin.qq.com/',
  url_check: '1' }
[2020-02-24 16:29:25.972] [INFO] app - { username: 'dengqian',
  phonenumber: '18785185684',
  test_id: '349c248b_ca58_4ec1_b879_30839f7fb1a3',
  network_operator_name: '310260',
  address: '广西壮族自治区百色市德保县',
  eci: '91',
  tac: '3',
  bsss: '-100',
  gps: '(106.630,23.220)',
  network_type: '88',
  phone_type: 'google;Android SDK built for x86;000000000000000',
  coll_time: '2020-02-24 16:28',
  download_speed: '34.36 Mbps',
  to_number: '10086',
  upload_speed: '32.9 Mbps',
  bsss_check: '1',
  verify_bsss_value: '-110',
  network_type_check: '0',
  verify_network_type_value: '4G',
  gps_check: '0',
  verify_gps_value: '106.630,26.647',
  ECI_check: '1',
  verify_ECI_value: '91',
  TAC_check: '0',
  verify_TAC_value: '187',
  datetime_check: '1',
  verify_datetime_value: '2020-01-06 01:00_2021-01-01 01:00',
  verify_url_value: 'https://www.baidu.com,https://weixin.qq.com/',
  url_check: '1' }
[2020-02-24 16:29:25.995] [INFO] app - save_check_data:Error: ER_BAD_NULL_ERROR: Column 'check_id' cannot be null
[2020-02-24 16:32:27.081] [INFO] app - { check_id: '5e6794f6-8baf-4a24-94c8-5ccc5eb60a2e',
  username: 'dengqian',
  phonenumber: '18785185684',
  test_id: '349c248b_ca58_4ec1_b879_30839f7fb1a3',
  network_operator_name: '310260',
  address: '广西壮族自治区百色市德保县',
  eci: '91',
  tac: '3',
  bsss: '-100',
  gps: '(106.630,23.220)',
  network_type: '88',
  phone_type: 'google;Android SDK built for x86;000000000000000',
  coll_time: '2020-02-24 16:31',
  download_speed: '22.9 Mbps',
  to_number: '10086',
  upload_speed: '33.58 Mbps',
  bsss_check: '1',
  verify_bsss_value: '-110',
  network_type_check: '0',
  verify_network_type_value: '4G',
  gps_check: '0',
  verify_gps_value: '106.630,26.647',
  ECI_check: '1',
  verify_ECI_value: '91',
  TAC_check: '0',
  verify_TAC_value: '187',
  datetime_check: '1',
  verify_datetime_value: '2020-01-06 01:00_2021-01-01 01:00',
  verify_url_value: 'https://www.baidu.com,https://weixin.qq.com/',
  url_check: '1' }
[2020-02-24 16:35:13.934] [INFO] app - { check_id: '5e6794f6-8baf-4a24-94c8-5ccc5eb60a2e',
  username: 'dengqian',
  phonenumber: '18785185684',
  test_id: '349c248b_ca58_4ec1_b879_30839f7fb1a3',
  network_operator_name: '310260',
  address: '广西壮族自治区百色市德保县',
  eci: '91',
  tac: '3',
  bsss: '-100',
  gps: '(106.630,23.220)',
  network_type: '88',
  phone_type: 'google;Android SDK built for x86;000000000000000',
  coll_time: '2020-02-24 16:34',
  download_speed: '22.9 Mbps',
  to_number: '10086',
  upload_speed: '33.58 Mbps',
  bsss_check: '1',
  verify_bsss_value: '-110',
  network_type_check: '0',
  verify_network_type_value: '4G',
  gps_check: '0',
  verify_gps_value: '106.630,26.647',
  ECI_check: '1',
  verify_ECI_value: '91',
  TAC_check: '0',
  verify_TAC_value: '187',
  datetime_check: '1',
  verify_datetime_value: '2020-01-06 01:00_2021-01-01 01:00',
  verify_url_value: 'https://www.baidu.com,https://weixin.qq.com/',
  url_check: '1' }
