[2020-02-25 09:24:16.848] [INFO] app - { check_id: '1e9828fd-997a-45e9-a76b-b39a79688a3a',
  username: 'dengqian',
  phonenumber: '18785185684',
  test_id: '349c248b_ca58_4ec1_b879_30839f7fb1a3',
  network_operator_name: '310260',
  address: '广西壮族自治区百色市德保县',
  eci: '91',
  tac: '3',
  bsss: '-100',
  gps: '(106.630,23.220)',
  network_type: '88',
  phone_type: 'google;Android SDK built for x86;000000000000000',
  coll_time: '2020-02-25 09:24',
  download_speed: '21.95 Mbps',
  to_number: '10086',
  upload_speed: '13.16 Mbps',
  bsss_check: '1',
  verify_bsss_value: '-110',
  network_type_check: '0',
  verify_network_type_value: '4G',
  gps_check: '0',
  verify_gps_value: '106.630,26.647',
  ECI_check: '1',
  verify_ECI_value: '91',
  TAC_check: '0',
  verify_TAC_value: '187',
  datetime_check: '1',
  verify_datetime_value: '2020-01-06 01:00_2021-01-01 01:00',
  verify_url_value: 'https://www.baidu.com,https://weixin.qq.com/',
  url_check: '1' }
[2020-02-25 09:27:39.106] [INFO] app - { check_id: '761cf637-410a-43ce-831f-0a79bf23ee64',
  username: 'dengqian',
  phonenumber: '18785185684',
  test_id: '349c248b_ca58_4ec1_b879_30839f7fb1a3',
  network_operator_name: '310260',
  address: '广西壮族自治区百色市德保县',
  eci: '91',
  tac: '3',
  bsss: '-100',
  gps: '(106.630,23.220)',
  network_type: '88',
  phone_type: 'google;Android SDK built for x86;000000000000000',
  coll_time: '2020-02-25 09:27',
  download_speed: '30.48 Mbps',
  to_number: '10086',
  upload_speed: '37.41 Mbps',
  bsss_check: '1',
  verify_bsss_value: '-110',
  network_type_check: '0',
  verify_network_type_value: '4G',
  gps_check: '0',
  verify_gps_value: '106.630,26.647',
  ECI_check: '1',
  verify_ECI_value: '91',
  TAC_check: '0',
  verify_TAC_value: '187',
  datetime_check: '1',
  verify_datetime_value: '2020-01-06 01:00_2021-01-01 01:00',
  verify_url_value: 'https://www.baidu.com,https://weixin.qq.com/',
  url_check: '1' }
[2020-02-25 09:27:54.219] [INFO] app - { check_id: '761cf637-410a-43ce-831f-0a79bf23ee64',
  username: 'dengqian',
  phonenumber: '18785185684',
  test_id: '349c248b_ca58_4ec1_b879_30839f7fb1a3',
  network_operator_name: '310260',
  address: '广西壮族自治区百色市德保县',
  eci: '91',
  tac: '3',
  bsss: '-100',
  gps: '(106.630,23.220)',
  network_type: '88',
  phone_type: 'google;Android SDK built for x86;000000000000000',
  coll_time: '2020-02-25 09:27',
  download_speed: '30.48 Mbps',
  to_number: '10086',
  upload_speed: '37.41 Mbps',
  bsss_check: '1',
  verify_bsss_value: '-110',
  network_type_check: '0',
  verify_network_type_value: '4G',
  gps_check: '0',
  verify_gps_value: '106.630,26.647',
  ECI_check: '1',
  verify_ECI_value: '91',
  TAC_check: '0',
  verify_TAC_value: '187',
  datetime_check: '1',
  verify_datetime_value: '2020-01-06 01:00_2021-01-01 01:00',
  verify_url_value: 'https://www.baidu.com,https://weixin.qq.com/',
  url_check: '1' }
[2020-02-25 09:28:57.421] [INFO] app - { check_id: '761cf637-410a-43ce-831f-0a79bf23ee64',
  username: 'dengqian',
  phonenumber: '18785185684',
  test_id: '349c248b_ca58_4ec1_b879_30839f7fb1a3',
  network_operator_name: '310260',
  address: '广西壮族自治区百色市德保县',
  eci: '91',
  tac: '3',
  bsss: '-100',
  gps: '(106.630,23.220)',
  network_type: '88',
  phone_type: 'google;Android SDK built for x86;000000000000000',
  coll_time: '2020-02-25 09:28',
  download_speed: '30.48 Mbps',
  to_number: '10086',
  upload_speed: '37.41 Mbps',
  bsss_check: '1',
  verify_bsss_value: '-110',
  network_type_check: '0',
  verify_network_type_value: '4G',
  gps_check: '0',
  verify_gps_value: '106.630,26.647',
  ECI_check: '1',
  verify_ECI_value: '91',
  TAC_check: '0',
  verify_TAC_value: '187',
  datetime_check: '1',
  verify_datetime_value: '2020-01-06 01:00_2021-01-01 01:00',
  verify_url_value: 'https://www.baidu.com,https://weixin.qq.com/',
  url_check: '1' }
[2020-02-25 09:39:07.787] [INFO] app - { check_id: '761cf637-410a-43ce-831f-0a79bf23ee64',
  username: 'dengqian',
  phonenumber: '18785185684',
  test_id: '349c248b_ca58_4ec1_b879_30839f7fb1a3',
  network_operator_name: '310260',
  address: '广西壮族自治区百色市德保县',
  eci: '91',
  tac: '3',
  bsss: '-100',
  gps: '(106.630,23.220)',
  network_type: '88',
  phone_type: 'google;Android SDK built for x86;000000000000000',
  coll_time: '2020-02-25 09:39',
  download_speed: '30.48 Mbps',
  to_number: '10086',
  upload_speed: '37.41 Mbps',
  bsss_check: '1',
  verify_bsss_value: '-110',
  network_type_check: '0',
  verify_network_type_value: '4G',
  gps_check: '0',
  verify_gps_value: '106.630,26.647',
  ECI_check: '1',
  verify_ECI_value: '91',
  TAC_check: '0',
  verify_TAC_value: '187',
  datetime_check: '1',
  verify_datetime_value: '2020-01-06 01:00_2021-01-01 01:00',
  verify_url_value: 'https://www.baidu.com,https://weixin.qq.com/',
  url_check: '1' }
[2020-02-25 09:42:09.771] [INFO] app - { check_id: '15369584-3d37-40e4-920c-c64d6db53494',
  username: 'dengqian',
  phonenumber: '18785185684',
  test_id: '349c248b_ca58_4ec1_b879_30839f7fb1a3',
  network_operator_name: '310260',
  address: '广西壮族自治区百色市德保县',
  eci: '91',
  tac: '3',
  bsss: '-100',
  gps: '(106.630,23.220)',
  network_type: '88',
  phone_type: 'google;Android SDK built for x86;000000000000000',
  coll_time: '2020-02-25 09:42',
  download_speed: '32.88 Mbps',
  to_number: '10086',
  upload_speed: '34.15 Mbps',
  bsss_check: '1',
  verify_bsss_value: '-110',
  network_type_check: '0',
  verify_network_type_value: '4G',
  gps_check: '0',
  verify_gps_value: '106.630,26.647',
  ECI_check: '1',
  verify_ECI_value: '91',
  TAC_check: '0',
  verify_TAC_value: '187',
  datetime_check: '1',
  verify_datetime_value: '2020-01-06 01:00_2021-01-01 01:00',
  verify_url_value: 'https://www.baidu.com,https://weixin.qq.com/',
  url_check: '1' }
[2020-02-25 09:42:24.832] [INFO] app - { check_id: '15369584-3d37-40e4-920c-c64d6db53494',
  username: 'dengqian',
  phonenumber: '18785185684',
  test_id: '349c248b_ca58_4ec1_b879_30839f7fb1a3',
  network_operator_name: '310260',
  address: '广西壮族自治区百色市德保县',
  eci: '91',
  tac: '3',
  bsss: '-100',
  gps: '(106.630,23.220)',
  network_type: '88',
  phone_type: 'google;Android SDK built for x86;000000000000000',
  coll_time: '2020-02-25 09:42',
  download_speed: '32.88 Mbps',
  to_number: '10086',
  upload_speed: '34.15 Mbps',
  bsss_check: '1',
  verify_bsss_value: '-110',
  network_type_check: '0',
  verify_network_type_value: '4G',
  gps_check: '0',
  verify_gps_value: '106.630,26.647',
  ECI_check: '1',
  verify_ECI_value: '91',
  TAC_check: '0',
  verify_TAC_value: '187',
  datetime_check: '1',
  verify_datetime_value: '2020-01-06 01:00_2021-01-01 01:00',
  verify_url_value: 'https://www.baidu.com,https://weixin.qq.com/',
  url_check: '1' }
[2020-02-25 09:42:29.925] [INFO] app - { check_id: '15369584-3d37-40e4-920c-c64d6db53494',
  username: 'dengqian',
  phonenumber: '18785185684',
  test_id: '349c248b_ca58_4ec1_b879_30839f7fb1a3',
  network_operator_name: '310260',
  address: '广西壮族自治区百色市德保县',
  eci: '91',
  tac: '3',
  bsss: '-100',
  gps: '(106.630,23.220)',
  network_type: '88',
  phone_type: 'google;Android SDK built for x86;000000000000000',
  coll_time: '2020-02-25 09:42',
  download_speed: '32.88 Mbps',
  to_number: '10086',
  upload_speed: '34.15 Mbps',
  bsss_check: '1',
  verify_bsss_value: '-110',
  network_type_check: '0',
  verify_network_type_value: '4G',
  gps_check: '0',
  verify_gps_value: '106.630,26.647',
  ECI_check: '1',
  verify_ECI_value: '91',
  TAC_check: '0',
  verify_TAC_value: '187',
  datetime_check: '1',
  verify_datetime_value: '2020-01-06 01:00_2021-01-01 01:00',
  verify_url_value: 'https://www.baidu.com,https://weixin.qq.com/',
  url_check: '1' }
[2020-02-25 09:47:22.562] [INFO] app - { check_id: '555b4e42-8ca6-4e4e-8360-d6df0e3b64e7',
  username: 'dengqian',
  phonenumber: '18785185684',
  test_id: '349c248b_ca58_4ec1_b879_30839f7fb1a3',
  network_operator_name: '310260',
  address: '广西壮族自治区百色市德保县',
  eci: '91',
  tac: '3',
  bsss: '-100',
  gps: '(106.630,23.220)',
  network_type: '88',
  phone_type: 'google;Android SDK built for x86;000000000000000',
  coll_time: '2020-02-25 09:47',
  download_speed: '28.17 Mbps',
  to_number: '10086',
  upload_speed: '27.42 Mbps',
  bsss_check: '1',
  verify_bsss_value: '-110',
  network_type_check: '0',
  verify_network_type_value: '4G',
  gps_check: '0',
  verify_gps_value: '106.630,26.647',
  ECI_check: '1',
  verify_ECI_value: '91',
  TAC_check: '0',
  verify_TAC_value: '187',
  datetime_check: '1',
  verify_datetime_value: '2020-01-06 01:00_2021-01-01 01:00',
  verify_url_value: 'https://www.baidu.com,https://weixin.qq.com/',
  url_check: '1' }
[2020-02-25 09:55:59.776] [INFO] app - { check_id: '8b426933-5889-46f3-a319-b8e05027951b',
  username: 'dengqian',
  phonenumber: '18785185684',
  test_id: '349c248b_ca58_4ec1_b879_30839f7fb1a3',
  network_operator_name: '310260',
  address: '广西壮族自治区百色市德保县',
  eci: '91',
  tac: '3',
  bsss: '-100',
  gps: '(106.630,23.220)',
  network_type: '88',
  phone_type: 'google;Android SDK built for x86;000000000000000',
  coll_time: '2020-02-25 09:55',
  download_speed: '28.39 Mbps',
  to_number: '10086',
  upload_speed: '34.5 Mbps',
  bsss_check: '1',
  verify_bsss_value: '-110',
  network_type_check: '0',
  verify_network_type_value: '4G',
  gps_check: '0',
  verify_gps_value: '106.630,26.647',
  ECI_check: '1',
  verify_ECI_value: '91',
  TAC_check: '0',
  verify_TAC_value: '187',
  datetime_check: '1',
  verify_datetime_value: '2020-01-06 01:00_2021-01-01 01:00',
  verify_url_value: 'https://www.baidu.com,https://weixin.qq.com/',
  url_check: '1' }
[2020-02-25 09:56:05.819] [INFO] app - { check_id: '8b426933-5889-46f3-a319-b8e05027951b',
  username: 'dengqian',
  phonenumber: '18785185684',
  test_id: '349c248b_ca58_4ec1_b879_30839f7fb1a3',
  network_operator_name: '310260',
  address: '广西壮族自治区百色市德保县',
  eci: '91',
  tac: '3',
  bsss: '-100',
  gps: '(106.630,23.220)',
  network_type: '88',
  phone_type: 'google;Android SDK built for x86;000000000000000',
  coll_time: '2020-02-25 09:55',
  download_speed: '28.39 Mbps',
  to_number: '10086',
  upload_speed: '34.5 Mbps',
  bsss_check: '1',
  verify_bsss_value: '-110',
  network_type_check: '0',
  verify_network_type_value: '4G',
  gps_check: '0',
  verify_gps_value: '106.630,26.647',
  ECI_check: '1',
  verify_ECI_value: '91',
  TAC_check: '0',
  verify_TAC_value: '187',
  datetime_check: '1',
  verify_datetime_value: '2020-01-06 01:00_2021-01-01 01:00',
  verify_url_value: 'https://www.baidu.com,https://weixin.qq.com/',
  url_check: '1' }
[2020-02-25 10:23:23.455] [INFO] app - { check_id: 'fceff444-59ba-4c22-9ab2-df06ce50473b',
  username: 'dengqian',
  phonenumber: '18785185684',
  test_id: '349c248b_ca58_4ec1_b879_30839f7fb1a3',
  network_operator_name: '310260',
  address: '广西壮族自治区百色市德保县',
  eci: '91',
  tac: '3',
  bsss: '-100',
  gps: '(106.630,23.220)',
  network_type: '88',
  phone_type: 'google;Android SDK built for x86;000000000000000',
  coll_time: '2020-02-25 10:14',
  download_speed: '30.02 Mbps',
  to_number: '10086',
  upload_speed: '32.62 Mbps',
  bsss_check: '1',
  verify_bsss_value: '-110',
  network_type_check: '0',
  verify_network_type_value: '4G',
  gps_check: '0',
  verify_gps_value: '106.630,26.647',
  ECI_check: '1',
  verify_ECI_value: '91',
  TAC_check: '0',
  verify_TAC_value: '187',
  datetime_check: '1',
  verify_datetime_value: '2020-01-06 01:00_2021-01-01 01:00',
  verify_url_value: 'https://www.baidu.com,https://weixin.qq.com/',
  url_check: '1' }
[2020-02-25 10:23:28.290] [INFO] app - { check_id: 'fceff444-59ba-4c22-9ab2-df06ce50473b',
  username: 'dengqian',
  phonenumber: '18785185684',
  test_id: '349c248b_ca58_4ec1_b879_30839f7fb1a3',
  network_operator_name: '310260',
  address: '广西壮族自治区百色市德保县',
  eci: '91',
  tac: '3',
  bsss: '-100',
  gps: '(106.630,23.220)',
  network_type: '88',
  phone_type: 'google;Android SDK built for x86;000000000000000',
  coll_time: '2020-02-25 10:14',
  download_speed: '30.02 Mbps',
  to_number: '10086',
  upload_speed: '32.62 Mbps',
  bsss_check: '1',
  verify_bsss_value: '-110',
  network_type_check: '0',
  verify_network_type_value: '4G',
  gps_check: '0',
  verify_gps_value: '106.630,26.647',
  ECI_check: '1',
  verify_ECI_value: '91',
  TAC_check: '0',
  verify_TAC_value: '187',
  datetime_check: '1',
  verify_datetime_value: '2020-01-06 01:00_2021-01-01 01:00',
  verify_url_value: 'https://www.baidu.com,https://weixin.qq.com/',
  url_check: '1' }
[2020-02-25 14:36:52.807] [INFO] app - { check_id: '09603910-866a-4cd3-9032-232338b23be9',
  username: 'dengqian',
  phonenumber: '18785185684',
  test_id: '349c248b_ca58_4ec1_b879_30839f7fb1a3',
  network_operator_name: '310260',
  address: '广西壮族自治区百色市德保县',
  eci: '91',
  tac: '3',
  bsss: '-100',
  gps: '(106.630,23.220)',
  network_type: '88',
  phone_type: 'google;Android SDK built for x86;000000000000000',
  coll_time: '2020-02-25 14:36',
  download_speed: '未测试',
  to_number: '10086',
  upload_speed: '未测试',
  bsss_check: '1',
  verify_bsss_value: '-110',
  network_type_check: '0',
  verify_network_type_value: '4G',
  gps_check: '0',
  verify_gps_value: '106.630,26.647',
  ECI_check: '1',
  verify_ECI_value: '91',
  TAC_check: '0',
  verify_TAC_value: '187',
  datetime_check: '1',
  verify_datetime_value: '2020-01-06 01:00_2021-01-01 01:00',
  verify_url_value: 'https://www.baidu.com,https://weixin.qq.com/',
  url_check: '1' }
[2020-02-25 14:45:07.412] [INFO] app - { check_id: '5fb0ffc3-f9de-416e-82ab-cd57d8230e8c',
  username: 'dengqian',
  phonenumber: '18785185684',
  test_id: '349c248b_ca58_4ec1_b879_30839f7fb1a3',
  network_operator_name: '310260',
  address: '广西壮族自治区百色市德保县',
  eci: '91',
  tac: '3',
  bsss: '-100',
  gps: '(106.630,23.220)',
  network_type: '88',
  phone_type: 'google;Android SDK built for x86;000000000000000',
  coll_time: '2020-02-25 14:44',
  download_speed: '未测试',
  to_number: '10086',
  upload_speed: '未测试',
  bsss_check: '1',
  verify_bsss_value: '-110',
  network_type_check: '0',
  verify_network_type_value: '4G',
  gps_check: '0',
  verify_gps_value: '106.630,26.647',
  ECI_check: '1',
  verify_ECI_value: '91',
  TAC_check: '0',
  verify_TAC_value: '187',
  datetime_check: '1',
  verify_datetime_value: '2020-01-06 01:00_2021-01-01 01:00',
  verify_url_value: 'https://www.baidu.com,https://weixin.qq.com/',
  url_check: '1' }
[2020-02-25 14:47:08.396] [INFO] app - { check_id: '22d95e9d-0d45-4025-9755-59d921fc15bc',
  username: 'dengqian',
  phonenumber: '18785185684',
  test_id: '349c248b_ca58_4ec1_b879_30839f7fb1a3',
  network_operator_name: '310260',
  address: '广西壮族自治区百色市德保县',
  eci: '91',
  tac: '3',
  bsss: '-100',
  gps: '(106.630,23.220)',
  network_type: '88',
  phone_type: 'google;Android SDK built for x86;000000000000000',
  coll_time: '2020-02-25 14:46',
  download_speed: '未测试',
  to_number: '10086',
  upload_speed: '未测试',
  bsss_check: '1',
  verify_bsss_value: '-110',
  network_type_check: '0',
  verify_network_type_value: '4G',
  gps_check: '0',
  verify_gps_value: '106.630,26.647',
  ECI_check: '1',
  verify_ECI_value: '91',
  TAC_check: '0',
  verify_TAC_value: '187',
  datetime_check: '1',
  verify_datetime_value: '2020-01-06 01:00_2021-01-01 01:00',
  verify_url_value: 'https://www.baidu.com,https://weixin.qq.com/',
  url_check: '1' }
[2020-02-25 14:49:44.610] [INFO] app - { check_id: '71836b09-6a6e-45ed-a73e-82cfe13ef8a9',
  username: 'dengqian',
  phonenumber: '18785185684',
  test_id: '349c248b_ca58_4ec1_b879_30839f7fb1a3',
  network_operator_name: '310260',
  address: '广西壮族自治区百色市德保县',
  eci: '91',
  tac: '3',
  bsss: '-100',
  gps: '(106.630,23.220)',
  network_type: '88',
  phone_type: 'google;Android SDK built for x86;000000000000000',
  coll_time: '2020-02-25 14:48',
  download_speed: '未测试',
  to_number: '10086',
  upload_speed: '未测试',
  bsss_check: '1',
  verify_bsss_value: '-110',
  network_type_check: '0',
  verify_network_type_value: '4G',
  gps_check: '0',
  verify_gps_value: '106.630,26.647',
  ECI_check: '1',
  verify_ECI_value: '91',
  TAC_check: '0',
  verify_TAC_value: '187',
  datetime_check: '1',
  verify_datetime_value: '2020-01-06 01:00_2021-01-01 01:00',
  verify_url_value: 'https://www.baidu.com,https://weixin.qq.com/',
  url_check: '1' }
[2020-02-25 14:50:11.034] [INFO] app - { check_id: '71836b09-6a6e-45ed-a73e-82cfe13ef8a9',
  username: 'dengqian',
  phonenumber: '18785185684',
  test_id: '349c248b_ca58_4ec1_b879_30839f7fb1a3',
  network_operator_name: '310260',
  address: '广西壮族自治区百色市德保县',
  eci: '91',
  tac: '3',
  bsss: '-100',
  gps: '(106.630,23.220)',
  network_type: '88',
  phone_type: 'google;Android SDK built for x86;000000000000000',
  coll_time: '2020-02-25 14:49',
  download_speed: '未测试',
  to_number: '10086',
  upload_speed: '未测试',
  bsss_check: '1',
  verify_bsss_value: '-110',
  network_type_check: '0',
  verify_network_type_value: '4G',
  gps_check: '0',
  verify_gps_value: '106.630,26.647',
  ECI_check: '1',
  verify_ECI_value: '91',
  TAC_check: '0',
  verify_TAC_value: '187',
  datetime_check: '1',
  verify_datetime_value: '2020-01-06 01:00_2021-01-01 01:00',
  verify_url_value: 'https://www.baidu.com,https://weixin.qq.com/',
  url_check: '1' }
[2020-02-25 15:04:49.890] [INFO] app - save_test_dataError: ER_BAD_NULL_ERROR: Column 'test_id' cannot be null
[2020-02-25 15:04:51.148] [INFO] app - save_check_data:Error: ER_BAD_NULL_ERROR: Column 'check_id' cannot be null
[2020-02-25 15:05:05.436] [INFO] app - save_test_dataError: ER_BAD_NULL_ERROR: Column 'test_id' cannot be null
[2020-02-25 15:05:05.443] [INFO] app - save_check_data:Error: ER_BAD_NULL_ERROR: Column 'check_id' cannot be null
