[2020-02-21 16:29:09.907] [INFO] app - ReferenceError: getMd5 is not defined
    at /Users/dengqian/WebstormProjects/BG220_Server/routes/index.js:32:35
    at Layer.handle [as handle_request] (/Users/dengqian/WebstormProjects/BG220_Server/node_modules/express/lib/router/layer.js:95:5)
    at trim_prefix (/Users/dengqian/WebstormProjects/BG220_Server/node_modules/express/lib/router/index.js:317:13)
    at /Users/dengqian/WebstormProjects/BG220_Server/node_modules/express/lib/router/index.js:284:7
    at Function.process_params (/Users/dengqian/WebstormProjects/BG220_Server/node_modules/express/lib/router/index.js:335:12)
    at next (/Users/dengqian/WebstormProjects/BG220_Server/node_modules/express/lib/router/index.js:275:10)
    at Function.handle (/Users/dengqian/WebstormProjects/BG220_Server/node_modules/express/lib/router/index.js:174:3)
    at router (/Users/dengqian/WebstormProjects/BG220_Server/node_modules/express/lib/router/index.js:47:12)
    at Layer.handle [as handle_request] (/Users/dengqian/WebstormProjects/BG220_Server/node_modules/express/lib/router/layer.js:95:5)
    at trim_prefix (/Users/dengqian/WebstormProjects/BG220_Server/node_modules/express/lib/router/index.js:317:13)
[2020-02-21 16:37:17.081] [INFO] app - { username: 'dengqian',
  phonenumber: '18785185684',
  test_id: '349c248b_ca58_4ec1_b879_30839f7fb1a3',
  network_operator_name: '310260',
  address: '广西壮族自治区百色市德保县',
  eci: '91',
  tac: '3',
  bsss: '-100',
  gps: '(106.630,23.220)',
  network_type: '88',
  phone_type: 'google;Android SDK built for x86;000000000000000',
  coll_time: '2020-02-21 16:36',
  download_speed: '26.66 Mbps',
  upload_speed: '28.2 Mbps',
  bsss_check: '1',
  verify_bsss_value: '-110',
  network_type_check: '0',
  verify_network_type_value: '4G',
  gps_check: '0',
  verify_gps_value: '106.630,26.647',
  ECI_check: '1',
  verify_ECI_value: '91',
  TAC_check: '0',
  verify_TAC_value: '187',
  datetime_check: '1',
  verify_datetime_value: '2020-01-06 01:00_2021-01-01 01:00',
  verify_url_value: 'https://www.baidu.com,https://weixin.qq.com/',
  url_check: '1' }
